time="2025-08-28T11:15:17+03:00" level=info msg="Using docker host 'unix:///var/run/docker.sock', and daemon socket 'unix:///var/run/docker.sock'"
[Auto Rebase Story PRs/rebase] ⭐ Run Set up job
[Auto Rebase Story PRs/rebase] 🚀  Start image=catthehacker/ubuntu:act-latest
[Auto Rebase Story PRs/rebase]   🐳  docker pull image=catthehacker/ubuntu:act-latest platform=linux/amd64 username= forcePull=true
[Auto Rebase Story PRs/rebase]   🐳  docker create image=catthehacker/ubuntu:act-latest platform=linux/amd64 entrypoint=["tail" "-f" "/dev/null"] cmd=[] network="host"
[Auto Rebase Story PRs/rebase]   🐳  docker run image=catthehacker/ubuntu:act-latest platform=linux/amd64 entrypoint=["tail" "-f" "/dev/null"] cmd=[] network="host"
[Auto Rebase Story PRs/rebase]   🐳  docker exec cmd=[node --no-warnings -e console.log(process.execPath)] user= workdir=
[Auto Rebase Story PRs/rebase]   ✅  Success - Set up job
[Auto Rebase Story PRs/rebase] ⭐ Run Main Checkout
[Auto Rebase Story PRs/rebase]   🐳  docker cp src=/Users/vitalijsimko/workspace/projects/other/crypto_market/. dst=/Users/vitalijsimko/workspace/projects/other/crypto_market
[Auto Rebase Story PRs/rebase]   ✅  Success - Main Checkout [1.300342166s]
[Auto Rebase Story PRs/rebase] ⭐ Run Main Common setup
[Auto Rebase Story PRs/rebase]   ✅  Success - Main Common setup [47.989042ms]
[Auto Rebase Story PRs/rebase] ⭐ Run Main Install jq
[Auto Rebase Story PRs/rebase]   🐳  docker exec cmd=[bash -e /var/run/act/workflow/2] user= workdir=
[Auto Rebase Story PRs/rebase]   | Get:1 http://security.ubuntu.com/ubuntu jammy-security InRelease [129 kB]
[Auto Rebase Story PRs/rebase]   | Get:2 http://archive.ubuntu.com/ubuntu jammy InRelease [270 kB]
[Auto Rebase Story PRs/rebase]   | Get:3 https://ppa.launchpadcontent.net/git-core/ppa/ubuntu jammy InRelease [24.6 kB]
[Auto Rebase Story PRs/rebase]   | Get:4 https://packages.microsoft.com/ubuntu/22.04/prod jammy InRelease [3632 B]
[Auto Rebase Story PRs/rebase]   | Get:6 http://archive.ubuntu.com/ubuntu jammy-updates InRelease [128 kB]
[Auto Rebase Story PRs/rebase]   | Get:7 http://security.ubuntu.com/ubuntu jammy-security/multiverse amd64 Packages [48.5 kB]
[Auto Rebase Story PRs/rebase]   | Get:8 http://security.ubuntu.com/ubuntu jammy-security/universe amd64 Packages [1271 kB]
[Auto Rebase Story PRs/rebase]   | Get:9 http://archive.ubuntu.com/ubuntu jammy-backports InRelease [127 kB]
[Auto Rebase Story PRs/rebase]   | Get:10 http://security.ubuntu.com/ubuntu jammy-security/restricted amd64 Packages [5235 kB]
[Auto Rebase Story PRs/rebase]   | Get:5 https://packagecloud.io/github/git-lfs/ubuntu jammy InRelease [29.2 kB]
[Auto Rebase Story PRs/rebase]   | Get:11 http://security.ubuntu.com/ubuntu jammy-security/main amd64 Packages [3253 kB]
[Auto Rebase Story PRs/rebase]   | Get:12 https://ppa.launchpadcontent.net/git-core/ppa/ubuntu jammy/main amd64 Packages [2991 B]
[Auto Rebase Story PRs/rebase]   | Get:13 https://packages.microsoft.com/ubuntu/22.04/prod jammy/main all Packages [1331 B]
[Auto Rebase Story PRs/rebase]   | Get:14 https://packages.microsoft.com/ubuntu/22.04/prod jammy/main amd64 Packages [244 kB]
[Auto Rebase Story PRs/rebase]   | Get:15 http://archive.ubuntu.com/ubuntu jammy/universe amd64 Packages [17.5 MB]
[Auto Rebase Story PRs/rebase]   | Get:16 http://archive.ubuntu.com/ubuntu jammy/restricted amd64 Packages [164 kB]
[Auto Rebase Story PRs/rebase]   | Get:17 http://archive.ubuntu.com/ubuntu jammy/main amd64 Packages [1792 kB]
[Auto Rebase Story PRs/rebase]   | Get:18 http://archive.ubuntu.com/ubuntu jammy/multiverse amd64 Packages [266 kB]
[Auto Rebase Story PRs/rebase]   | Get:19 http://archive.ubuntu.com/ubuntu jammy-updates/restricted amd64 Packages [5519 kB]
[Auto Rebase Story PRs/rebase]   | Get:20 http://archive.ubuntu.com/ubuntu jammy-updates/universe amd64 Packages [1576 kB]
[Auto Rebase Story PRs/rebase]   | Get:21 http://archive.ubuntu.com/ubuntu jammy-updates/multiverse amd64 Packages [75.9 kB]
[Auto Rebase Story PRs/rebase]   | Get:22 http://archive.ubuntu.com/ubuntu jammy-updates/main amd64 Packages [3606 kB]
[Auto Rebase Story PRs/rebase]   | Get:23 http://archive.ubuntu.com/ubuntu jammy-backports/universe amd64 Packages [35.2 kB]
[Auto Rebase Story PRs/rebase]   | Get:24 http://archive.ubuntu.com/ubuntu jammy-backports/main amd64 Packages [83.2 kB]
[Auto Rebase Story PRs/rebase]   | Get:25 https://packagecloud.io/github/git-lfs/ubuntu jammy/main amd64 Packages [2411 B]
[Auto Rebase Story PRs/rebase]   | Fetched 41.4 MB in 6s (6404 kB/s)
[Auto Rebase Story PRs/rebase]   | Reading package lists...
[Auto Rebase Story PRs/rebase]   | Reading package lists...
[Auto Rebase Story PRs/rebase]   | Building dependency tree...
[Auto Rebase Story PRs/rebase]   | Reading state information...
[Auto Rebase Story PRs/rebase]   | jq is already the newest version (1.6-2.1ubuntu3.1).
[Auto Rebase Story PRs/rebase]   | 0 upgraded, 0 newly installed, 0 to remove and 32 not upgraded.
[Auto Rebase Story PRs/rebase]   ✅  Success - Main Install jq [8.345361292s]
[Auto Rebase Story PRs/rebase] ⭐ Run Main List open PRs from story/* to develop
[Auto Rebase Story PRs/rebase]   🐳  docker exec cmd=[bash --noprofile --norc -e -o pipefail /var/run/act/workflow/list.sh] user= workdir=
[Auto Rebase Story PRs/rebase]   ✅  Success - Main List open PRs from story/* to develop [957.234125ms]
[Auto Rebase Story PRs/rebase]   ⚙  ::set-output:: result=[{"number":39,"ref":"story/1.3-login-and-session-management"}]
[Auto Rebase Story PRs/rebase] ⭐ Run Main Rebase each PR branch on develop
[Auto Rebase Story PRs/rebase]   🐳  docker exec cmd=[bash --noprofile --norc -e -o pipefail /var/run/act/workflow/4.sh] user= workdir=
[Auto Rebase Story PRs/rebase]   ❓  ::group::Rebase story/1.3-login-and-session-management
[Auto Rebase Story PRs/rebase]   | fatal: could not read Username for 'https://github.com': No such device or address
[Auto Rebase Story PRs/rebase]   ❌  Failure - Main Rebase each PR branch on develop [578.728292ms]
[Auto Rebase Story PRs/rebase] exitcode '128': failure
[Auto Rebase Story PRs/rebase] ⭐ Run Post Common setup
[Auto Rebase Story PRs/rebase]   ✅  Success - Post Common setup [30.5µs]
[Auto Rebase Story PRs/rebase] ⭐ Run Complete job
[Auto Rebase Story PRs/rebase]   ✅  Success - Complete job
[Auto Rebase Story PRs/rebase] 🏁  Job failed
Error: Job 'rebase' failed
